[debug] [2021-05-22T14:46:50.137Z] ----------------------------------------------------------------------
[debug] [2021-05-22T14:46:50.140Z] Command:       C:\Program Files\nodejs\node.exe C:\Users\veere\AppData\Roaming\npm\node_modules\firebase-tools\lib\bin\firebase.js init hosting:github
[debug] [2021-05-22T14:46:50.140Z] CLI Version:   9.11.0
[debug] [2021-05-22T14:46:50.141Z] Platform:      win32
[debug] [2021-05-22T14:46:50.141Z] Node Version:  v15.3.0
[debug] [2021-05-22T14:46:50.147Z] Time:          Sat May 22 2021 20:16:50 GMT+0530 (India Standard Time)
[debug] [2021-05-22T14:46:50.148Z] ----------------------------------------------------------------------
[debug] 
[debug] [2021-05-22T14:46:50.159Z] > command requires scopes: ["email","openid","https://www.googleapis.com/auth/cloudplatformprojects.readonly","https://www.googleapis.com/auth/firebase","https://www.googleapis.com/auth/cloud-platform"]
[debug] [2021-05-22T14:46:50.159Z] > authorizing via signed-in user (veerreshr@gmail.com)
[info] 
     ######## #### ########  ######## ########     ###     ######  ########
     ##        ##  ##     ## ##       ##     ##  ##   ##  ##       ##
     ######    ##  ########  ######   ########  #########  ######  ######
     ##        ##  ##    ##  ##       ##     ## ##     ##       ## ##
     ##       #### ##     ## ######## ########  ##     ##  ######  ########

You're about to initialize a Firebase project in this directory:

  D:\Projects\React\simple-weight-tracker

Before we get started, keep in mind:

  * You are initializing in an existing Firebase project directory

[info] 
=== Project Setup
[info] 
[info] First, let's associate this project directory with a Firebase project.
[info] You can create multiple project aliases by running firebase use --add, 
[info] but for now we'll just set up a default project.
[info] 
[info] i  .firebaserc already has a default project, using simple-weight-tracker-10a57. 
[debug] [2021-05-22T14:46:56.814Z] > refreshing access token with scopes: []
[debug] [2021-05-22T14:46:56.814Z] >>> HTTP REQUEST POST https://www.googleapis.com/oauth2/v3/token  
 <request body omitted>
[debug] [2021-05-22T14:46:57.208Z] <<< HTTP RESPONSE 200 {"cache-control":"no-cache, no-store, max-age=0, must-revalidate","expires":"Mon, 01 Jan 1990 00:00:00 GMT","date":"Sat, 22 May 2021 14:46:57 GMT","pragma":"no-cache","content-type":"application/json; charset=utf-8","vary":"X-Origin, Referer, Origin,Accept-Encoding","server":"scaffolding on HTTPServer2","x-xss-protection":"0","x-frame-options":"SAMEORIGIN","x-content-type-options":"nosniff","alt-svc":"h3-29=\":443\"; ma=2592000,h3-T051=\":443\"; ma=2592000,h3-Q050=\":443\"; ma=2592000,h3-Q046=\":443\"; ma=2592000,h3-Q043=\":443\"; ma=2592000,quic=\":443\"; ma=2592000; v=\"46,43\"","accept-ranges":"none","transfer-encoding":"chunked"}
[debug] [2021-05-22T14:46:57.225Z] >>> [apiv2][query] GET https://firebase.googleapis.com/v1beta1/projects/simple-weight-tracker-10a57 [none]
[debug] [2021-05-22T14:46:59.670Z] <<< [apiv2][status] GET https://firebase.googleapis.com/v1beta1/projects/simple-weight-tracker-10a57 200
[debug] [2021-05-22T14:46:59.670Z] <<< [apiv2][body] GET https://firebase.googleapis.com/v1beta1/projects/simple-weight-tracker-10a57 {"projectId":"simple-weight-tracker-10a57","projectNumber":"542386303562","displayName":"Simple Weight Tracker","name":"projects/simple-weight-tracker-10a57","resources":{"hostingSite":"simple-weight-tracker-10a57","storageBucket":"simple-weight-tracker-10a57.appspot.com","locationId":"asia-south1"},"state":"ACTIVE"}
[info] 
=== Hosting:github Setup
[info] 
[info] i  Detected a .git folder at D:\Projects\React\simple-weight-tracker 
[info] i  Authorizing with GitHub to upload your service account to a GitHub repository's secrets store. 
[info] 
[info] Visit this URL on this device to log in:
[info] https://github.com/login/oauth/authorize?client_id=89cf50f02ac6aaed3484&state=699963510&redirect_uri=http%3A%2F%2Flocalhost%3A9005&scope=read%3Auser%20repo%20public_repo
[info] 
[info] Waiting for authentication...
[debug] [2021-05-22T14:47:11.751Z] >>> HTTP REQUEST POST https://github.com/login/oauth/access_token  
 {"client_id":"89cf50f02ac6aaed3484","client_secret":"3330d14abc895d9a74d5f17cd7a00711fa2c5bf0","code":"676be545630e6d623550","redirect_uri":"http://localhost:9005","state":"699963510"}
[debug] [2021-05-22T14:47:12.425Z] <<< HTTP RESPONSE 200 {"server":"GitHub.com","date":"Sat, 22 May 2021 14:47:12 GMT","content-type":"application/json; charset=utf-8","transfer-encoding":"chunked","vary":"X-PJAX, Accept-Encoding, Accept, X-Requested-With","permissions-policy":"interest-cohort=()","etag":"W/\"f53a857137a654f19e73df751613d2e7\"","cache-control":"max-age=0, private, must-revalidate","strict-transport-security":"max-age=31536000; includeSubdomains; preload","x-frame-options":"deny","x-content-type-options":"nosniff","x-xss-protection":"0","referrer-policy":"origin-when-cross-origin, strict-origin-when-cross-origin","expect-ct":"max-age=2592000, report-uri=\"https://api.github.com/_private/browser/errors\"","content-security-policy":"default-src 'none'; base-uri 'self'; block-all-mixed-content; connect-src 'self' uploads.github.com www.githubstatus.com collector.githubapp.com api.github.com github-cloud.s3.amazonaws.com github-production-repository-file-5c1aeb.s3.amazonaws.com github-production-upload-manifest-file-7fdce7.s3.amazonaws.com github-production-user-asset-6210df.s3.amazonaws.com cdn.optimizely.com logx.optimizely.com/v1/events wss://alive.github.com; font-src github.githubassets.com; form-action 'self' github.com gist.github.com; frame-ancestors 'none'; frame-src render.githubusercontent.com; img-src 'self' data: github.githubassets.com identicons.github.com collector.githubapp.com github-cloud.s3.amazonaws.com secured-user-images.githubusercontent.com/ *.githubusercontent.com; manifest-src 'self'; media-src 'none'; script-src github.githubassets.com; style-src 'unsafe-inline' github.githubassets.com; worker-src github.com/socket-worker-3f088aa2.js gist.github.com/socket-worker-3f088aa2.js","x-github-request-id":"65EA:697F:C9E984:DB18FC:60A91970"}
[debug] [2021-05-22T14:47:12.430Z] >>> [apiv2][query] GET https://api.github.com/user [none]
[debug] [2021-05-22T14:47:12.980Z] <<< [apiv2][status] GET https://api.github.com/user 200
[debug] [2021-05-22T14:47:12.980Z] <<< [apiv2][body] GET https://api.github.com/user {"login":"veerreshr","id":59141533,"node_id":"MDQ6VXNlcjU5MTQxNTMz","avatar_url":"https://avatars.githubusercontent.com/u/59141533?v=4","gravatar_id":"","url":"https://api.github.com/users/veerreshr","html_url":"https://github.com/veerreshr","followers_url":"https://api.github.com/users/veerreshr/followers","following_url":"https://api.github.com/users/veerreshr/following{/other_user}","gists_url":"https://api.github.com/users/veerreshr/gists{/gist_id}","starred_url":"https://api.github.com/users/veerreshr/starred{/owner}{/repo}","subscriptions_url":"https://api.github.com/users/veerreshr/subscriptions","organizations_url":"https://api.github.com/users/veerreshr/orgs","repos_url":"https://api.github.com/users/veerreshr/repos","events_url":"https://api.github.com/users/veerreshr/events{/privacy}","received_events_url":"https://api.github.com/users/veerreshr/received_events","type":"User","site_admin":false,"name":"Veeresh","company":null,"blog":"veereshr.me","location":"Raichur, India","email":null,"hireable":null,"bio":"Software Engineering Student who loves learning and writing code.","twitter_username":"veerreshr","public_repos":35,"public_gists":1,"followers":3,"following":3,"created_at":"2019-12-22T14:19:12Z","updated_at":"2021-05-22T14:47:10Z","private_gists":0,"total_private_repos":5,"owned_private_repos":5,"disk_usage":156120,"collaborators":0,"two_factor_authentication":true,"plan":{"name":"pro","space":976562499,"collaborators":0,"private_repos":9999}}
[info] 
[info] +  Success! Logged into GitHub as veerreshr 
[info] 
[debug] [2021-05-22T14:48:01.476Z] >>> [apiv2][query] GET https://api.github.com/repos/veerreshr/actions/secrets/public-key type=owner
[debug] [2021-05-22T14:48:01.478Z] >>> [apiv2][query] GET https://api.github.com/repos///actions/secrets/public-key type=owner
[debug] [2021-05-22T14:48:02.046Z] <<< [apiv2][status] GET https://api.github.com/repos/veerreshr/actions/secrets/public-key 404
[debug] [2021-05-22T14:48:02.046Z] <<< [apiv2][body] GET https://api.github.com/repos/veerreshr/actions/secrets/public-key {"message":"Not Found","documentation_url":"https://docs.github.com/rest"}
[debug] [2021-05-22T14:48:02.110Z] <<< [apiv2][status] GET https://api.github.com/repos///actions/secrets/public-key 404
[debug] [2021-05-22T14:48:02.110Z] <<< [apiv2][body] GET https://api.github.com/repos///actions/secrets/public-key {"message":"Not Found","documentation_url":"https://docs.github.com/rest"}
[debug] [2021-05-22T14:48:12.634Z] >>> [apiv2][query] GET https://api.github.com/repos/veerreshr/veerreshr/actions/secrets/public-key type=owner
[debug] [2021-05-22T14:48:12.636Z] >>> [apiv2][query] GET https://api.github.com/repos///actions/secrets/public-key type=owner
[debug] [2021-05-22T14:48:13.201Z] <<< [apiv2][status] GET https://api.github.com/repos/veerreshr/veerreshr/actions/secrets/public-key 200
[debug] [2021-05-22T14:48:13.202Z] <<< [apiv2][body] GET https://api.github.com/repos/veerreshr/veerreshr/actions/secrets/public-key {"key_id":"568250167242549743","key":"4iiDHGCk947TbeksFREcnf7/rZZ4v/NKjyB6kAqLyHU="}
[debug] [2021-05-22T14:48:13.205Z] >>> [apiv2][query] GET https://api.github.com/repos/veerreshr/veerreshr [none]
[debug] [2021-05-22T14:48:13.214Z] <<< [apiv2][status] GET https://api.github.com/repos///actions/secrets/public-key 404
[debug] [2021-05-22T14:48:13.214Z] <<< [apiv2][body] GET https://api.github.com/repos///actions/secrets/public-key {"message":"Not Found","documentation_url":"https://docs.github.com/rest"}
[debug] [2021-05-22T14:48:13.745Z] <<< [apiv2][status] GET https://api.github.com/repos/veerreshr/veerreshr 200
[debug] [2021-05-22T14:48:13.745Z] <<< [apiv2][body] GET https://api.github.com/repos/veerreshr/veerreshr {"id":280162368,"node_id":"MDEwOlJlcG9zaXRvcnkyODAxNjIzNjg=","name":"veerreshr","full_name":"veerreshr/veerreshr","private":false,"owner":{"login":"veerreshr","id":59141533,"node_id":"MDQ6VXNlcjU5MTQxNTMz","avatar_url":"https://avatars.githubusercontent.com/u/59141533?v=4","gravatar_id":"","url":"https://api.github.com/users/veerreshr","html_url":"https://github.com/veerreshr","followers_url":"https://api.github.com/users/veerreshr/followers","following_url":"https://api.github.com/users/veerreshr/following{/other_user}","gists_url":"https://api.github.com/users/veerreshr/gists{/gist_id}","starred_url":"https://api.github.com/users/veerreshr/starred{/owner}{/repo}","subscriptions_url":"https://api.github.com/users/veerreshr/subscriptions","organizations_url":"https://api.github.com/users/veerreshr/orgs","repos_url":"https://api.github.com/users/veerreshr/repos","events_url":"https://api.github.com/users/veerreshr/events{/privacy}","received_events_url":"https://api.github.com/users/veerreshr/received_events","type":"User","site_admin":false},"html_url":"https://github.com/veerreshr/veerreshr","description":null,"fork":false,"url":"https://api.github.com/repos/veerreshr/veerreshr","forks_url":"https://api.github.com/repos/veerreshr/veerreshr/forks","keys_url":"https://api.github.com/repos/veerreshr/veerreshr/keys{/key_id}","collaborators_url":"https://api.github.com/repos/veerreshr/veerreshr/collaborators{/collaborator}","teams_url":"https://api.github.com/repos/veerreshr/veerreshr/teams","hooks_url":"https://api.github.com/repos/veerreshr/veerreshr/hooks","issue_events_url":"https://api.github.com/repos/veerreshr/veerreshr/issues/events{/number}","events_url":"https://api.github.com/repos/veerreshr/veerreshr/events","assignees_url":"https://api.github.com/repos/veerreshr/veerreshr/assignees{/user}","branches_url":"https://api.github.com/repos/veerreshr/veerreshr/branches{/branch}","tags_url":"https://api.github.com/repos/veerreshr/veerreshr/tags","blobs_url":"https://api.github.com/repos/veerreshr/veerreshr/git/blobs{/sha}","git_tags_url":"https://api.github.com/repos/veerreshr/veerreshr/git/tags{/sha}","git_refs_url":"https://api.github.com/repos/veerreshr/veerreshr/git/refs{/sha}","trees_url":"https://api.github.com/repos/veerreshr/veerreshr/git/trees{/sha}","statuses_url":"https://api.github.com/repos/veerreshr/veerreshr/statuses/{sha}","languages_url":"https://api.github.com/repos/veerreshr/veerreshr/languages","stargazers_url":"https://api.github.com/repos/veerreshr/veerreshr/stargazers","contributors_url":"https://api.github.com/repos/veerreshr/veerreshr/contributors","subscribers_url":"https://api.github.com/repos/veerreshr/veerreshr/subscribers","subscription_url":"https://api.github.com/repos/veerreshr/veerreshr/subscription","commits_url":"https://api.github.com/repos/veerreshr/veerreshr/commits{/sha}","git_commits_url":"https://api.github.com/repos/veerreshr/veerreshr/git/commits{/sha}","comments_url":"https://api.github.com/repos/veerreshr/veerreshr/comments{/number}","issue_comment_url":"https://api.github.com/repos/veerreshr/veerreshr/issues/comments{/number}","contents_url":"https://api.github.com/repos/veerreshr/veerreshr/contents/{+path}","compare_url":"https://api.github.com/repos/veerreshr/veerreshr/compare/{base}...{head}","merges_url":"https://api.github.com/repos/veerreshr/veerreshr/merges","archive_url":"https://api.github.com/repos/veerreshr/veerreshr/{archive_format}{/ref}","downloads_url":"https://api.github.com/repos/veerreshr/veerreshr/downloads","issues_url":"https://api.github.com/repos/veerreshr/veerreshr/issues{/number}","pulls_url":"https://api.github.com/repos/veerreshr/veerreshr/pulls{/number}","milestones_url":"https://api.github.com/repos/veerreshr/veerreshr/milestones{/number}","notifications_url":"https://api.github.com/repos/veerreshr/veerreshr/notifications{?since,all,participating}","labels_url":"https://api.github.com/repos/veerreshr/veerreshr/labels{/name}","releases_url":"https://api.github.com/repos/veerreshr/veerreshr/releases{/id}","deployments_url":"https://api.github.com/repos/veerreshr/veerreshr/deployments","created_at":"2020-07-16T13:32:52Z","updated_at":"2021-05-20T12:51:34Z","pushed_at":"2021-05-20T12:51:31Z","git_url":"git://github.com/veerreshr/veerreshr.git","ssh_url":"git@github.com:veerreshr/veerreshr.git","clone_url":"https://github.com/veerreshr/veerreshr.git","svn_url":"https://github.com/veerreshr/veerreshr","homepage":null,"size":37,"stargazers_count":0,"watchers_count":0,"language":null,"has_issues":true,"has_projects":true,"has_downloads":true,"has_wiki":true,"has_pages":false,"forks_count":0,"mirror_url":null,"archived":false,"disabled":false,"open_issues_count":0,"license":null,"forks":0,"open_issues":0,"watchers":0,"default_branch":"master","permissions":{"admin":true,"push":true,"pull":true},"temp_clone_token":"","allow_squash_merge":true,"allow_merge_commit":true,"allow_rebase_merge":true,"delete_branch_on_merge":false,"network_count":0,"subscribers_count":1}
[debug] [2021-05-22T14:48:13.748Z] > refreshing access token with scopes: ["email","https://www.googleapis.com/auth/cloud-platform","https://www.googleapis.com/auth/cloudplatformprojects.readonly","https://www.googleapis.com/auth/firebase","openid"]
[debug] [2021-05-22T14:48:13.749Z] >>> HTTP REQUEST POST https://www.googleapis.com/oauth2/v3/token  
 <request body omitted>
[debug] [2021-05-22T14:48:14.047Z] <<< HTTP RESPONSE 200 {"cache-control":"no-cache, no-store, max-age=0, must-revalidate","date":"Sat, 22 May 2021 14:48:14 GMT","expires":"Mon, 01 Jan 1990 00:00:00 GMT","pragma":"no-cache","content-type":"application/json; charset=utf-8","vary":"X-Origin, Referer, Origin,Accept-Encoding","server":"scaffolding on HTTPServer2","x-xss-protection":"0","x-frame-options":"SAMEORIGIN","x-content-type-options":"nosniff","alt-svc":"h3-29=\":443\"; ma=2592000,h3-T051=\":443\"; ma=2592000,h3-Q050=\":443\"; ma=2592000,h3-Q046=\":443\"; ma=2592000,h3-Q043=\":443\"; ma=2592000,quic=\":443\"; ma=2592000; v=\"46,43\"","accept-ranges":"none","transfer-encoding":"chunked"}
[debug] [2021-05-22T14:48:14.062Z] >>> HTTP REQUEST POST https://iam.googleapis.com/v1/projects/simple-weight-tracker-10a57/serviceAccounts  
 {"accountId":"github-action-280162368","serviceAccount":{"displayName":"GitHub Actions (veerreshr/veerreshr)","description":"A service account with permission to deploy to Firebase Hosting for the GitHub repository veerreshr/veerreshr"}}
[debug] [2021-05-22T14:48:20.901Z] ----------------------------------------------------------------------
[debug] [2021-05-22T14:48:20.903Z] Command:       C:\Program Files\nodejs\node.exe C:\Users\veere\AppData\Roaming\npm\node_modules\firebase-tools\lib\bin\firebase.js init hosting:github
[debug] [2021-05-22T14:48:20.904Z] CLI Version:   9.11.0
[debug] [2021-05-22T14:48:20.904Z] Platform:      win32
[debug] [2021-05-22T14:48:20.904Z] Node Version:  v15.3.0
[debug] [2021-05-22T14:48:20.905Z] Time:          Sat May 22 2021 20:18:20 GMT+0530 (India Standard Time)
[debug] [2021-05-22T14:48:20.906Z] ----------------------------------------------------------------------
[debug] 
[debug] [2021-05-22T14:48:20.915Z] > command requires scopes: ["email","openid","https://www.googleapis.com/auth/cloudplatformprojects.readonly","https://www.googleapis.com/auth/firebase","https://www.googleapis.com/auth/cloud-platform"]
[debug] [2021-05-22T14:48:20.915Z] > authorizing via signed-in user (veerreshr@gmail.com)
[info] 
     ######## #### ########  ######## ########     ###     ######  ########
     ##        ##  ##     ## ##       ##     ##  ##   ##  ##       ##
     ######    ##  ########  ######   ########  #########  ######  ######
     ##        ##  ##    ##  ##       ##     ## ##     ##       ## ##
     ##       #### ##     ## ######## ########  ##     ##  ######  ########

You're about to initialize a Firebase project in this directory:

  D:\Projects\React\simple-weight-tracker

Before we get started, keep in mind:

  * You are initializing in an existing Firebase project directory

[info] 
=== Project Setup
[info] 
[info] First, let's associate this project directory with a Firebase project.
[info] You can create multiple project aliases by running firebase use --add, 
[info] but for now we'll just set up a default project.
[info] 
[info] i  .firebaserc already has a default project, using simple-weight-tracker-10a57. 
[debug] [2021-05-22T14:48:22.832Z] > refreshing access token with scopes: []
[debug] [2021-05-22T14:48:22.832Z] >>> HTTP REQUEST POST https://www.googleapis.com/oauth2/v3/token  
 <request body omitted>
[debug] [2021-05-22T14:48:23.043Z] Authentication Error: Your credentials are no longer valid. Please run firebase login --reauth

For CI servers and headless environments, generate a new token with firebase login:ci
[debug] [2021-05-22T14:48:23.395Z] FirebaseError: Authentication Error: Your credentials are no longer valid. Please run firebase login --reauth

For CI servers and headless environments, generate a new token with firebase login:ci
    at invalidCredentialError (C:\Users\veere\AppData\Roaming\npm\node_modules\firebase-tools\lib\auth.js:141:12)
    at refreshTokens (C:\Users\veere\AppData\Roaming\npm\node_modules\firebase-tools\lib\auth.js:448:15)
    at processTicksAndRejections (node:internal/process/task_queues:93:5)
    at async Client.getAccessToken (C:\Users\veere\AppData\Roaming\npm\node_modules\firebase-tools\lib\apiv2.js:144:23)
    at async Client.addAuthHeader (C:\Users\veere\AppData\Roaming\npm\node_modules\firebase-tools\lib\apiv2.js:135:21)
    at async Client.request (C:\Users\veere\AppData\Roaming\npm\node_modules\firebase-tools\lib\apiv2.js:93:34)
    at async Object.getFirebaseProject (C:\Users\veere\AppData\Roaming\npm\node_modules\firebase-tools\lib\management\projects.js:290:21)
    at async Object.doSetup [as project] (C:\Users\veere\AppData\Roaming\npm\node_modules\firebase-tools\lib\init\features\project.js:77:27)
    at async init (C:\Users\veere\AppData\Roaming\npm\node_modules\firebase-tools\lib\init\index.js:19:9)
[error] 
[error] Error: Failed to get Firebase project simple-weight-tracker-10a57. Please make sure the project exists and your account has permission to access it.
[debug] [2021-05-22T14:48:33.025Z] ----------------------------------------------------------------------
[debug] [2021-05-22T14:48:33.028Z] Command:       C:\Program Files\nodejs\node.exe C:\Users\veere\AppData\Roaming\npm\node_modules\firebase-tools\lib\bin\firebase.js init hosting:github
[debug] [2021-05-22T14:48:33.029Z] CLI Version:   9.11.0
[debug] [2021-05-22T14:48:33.029Z] Platform:      win32
[debug] [2021-05-22T14:48:33.029Z] Node Version:  v15.3.0
[debug] [2021-05-22T14:48:33.031Z] Time:          Sat May 22 2021 20:18:33 GMT+0530 (India Standard Time)
[debug] [2021-05-22T14:48:33.031Z] ----------------------------------------------------------------------
[debug] 
[debug] [2021-05-22T14:48:33.039Z] > command requires scopes: ["email","openid","https://www.googleapis.com/auth/cloudplatformprojects.readonly","https://www.googleapis.com/auth/firebase","https://www.googleapis.com/auth/cloud-platform"]
[debug] [2021-05-22T14:48:33.039Z] > authorizing via signed-in user (veerreshr@gmail.com)
[info] 
     ######## #### ########  ######## ########     ###     ######  ########
     ##        ##  ##     ## ##       ##     ##  ##   ##  ##       ##
     ######    ##  ########  ######   ########  #########  ######  ######
     ##        ##  ##    ##  ##       ##     ## ##     ##       ## ##
     ##       #### ##     ## ######## ########  ##     ##  ######  ########

You're about to initialize a Firebase project in this directory:

  D:\Projects\React\simple-weight-tracker

Before we get started, keep in mind:

  * You are initializing in an existing Firebase project directory

[info] 
=== Project Setup
[info] 
[info] First, let's associate this project directory with a Firebase project.
[info] You can create multiple project aliases by running firebase use --add, 
[info] but for now we'll just set up a default project.
[info] 
[info] i  .firebaserc already has a default project, using simple-weight-tracker-10a57. 
[debug] [2021-05-22T14:48:41.275Z] > refreshing access token with scopes: []
[debug] [2021-05-22T14:48:41.276Z] >>> HTTP REQUEST POST https://www.googleapis.com/oauth2/v3/token  
 <request body omitted>
[debug] [2021-05-22T14:48:41.617Z] <<< HTTP RESPONSE 200 {"pragma":"no-cache","expires":"Mon, 01 Jan 1990 00:00:00 GMT","cache-control":"no-cache, no-store, max-age=0, must-revalidate","date":"Sat, 22 May 2021 14:48:41 GMT","content-type":"application/json; charset=utf-8","vary":"X-Origin, Referer, Origin,Accept-Encoding","server":"scaffolding on HTTPServer2","x-xss-protection":"0","x-frame-options":"SAMEORIGIN","x-content-type-options":"nosniff","alt-svc":"h3-29=\":443\"; ma=2592000,h3-T051=\":443\"; ma=2592000,h3-Q050=\":443\"; ma=2592000,h3-Q046=\":443\"; ma=2592000,h3-Q043=\":443\"; ma=2592000,quic=\":443\"; ma=2592000; v=\"46,43\"","accept-ranges":"none","transfer-encoding":"chunked"}
[debug] [2021-05-22T14:48:41.633Z] >>> [apiv2][query] GET https://firebase.googleapis.com/v1beta1/projects/simple-weight-tracker-10a57 [none]
[debug] [2021-05-22T14:48:42.150Z] <<< [apiv2][status] GET https://firebase.googleapis.com/v1beta1/projects/simple-weight-tracker-10a57 200
[debug] [2021-05-22T14:48:42.150Z] <<< [apiv2][body] GET https://firebase.googleapis.com/v1beta1/projects/simple-weight-tracker-10a57 {"projectId":"simple-weight-tracker-10a57","projectNumber":"542386303562","displayName":"Simple Weight Tracker","name":"projects/simple-weight-tracker-10a57","resources":{"hostingSite":"simple-weight-tracker-10a57","storageBucket":"simple-weight-tracker-10a57.appspot.com","locationId":"asia-south1"},"state":"ACTIVE"}
[info] 
=== Hosting:github Setup
[info] 
[info] i  Detected a .git folder at D:\Projects\React\simple-weight-tracker 
[info] i  Authorizing with GitHub to upload your service account to a GitHub repository's secrets store. 
[info] 
[info] Visit this URL on this device to log in:
[info] https://github.com/login/oauth/authorize?client_id=89cf50f02ac6aaed3484&state=302910966&redirect_uri=http%3A%2F%2Flocalhost%3A9005&scope=read%3Auser%20repo%20public_repo
[info] 
[info] Waiting for authentication...
[debug] [2021-05-22T14:48:43.317Z] >>> HTTP REQUEST POST https://github.com/login/oauth/access_token  
 {"client_id":"89cf50f02ac6aaed3484","client_secret":"3330d14abc895d9a74d5f17cd7a00711fa2c5bf0","code":"50dcc74ec0725a05aa1e","redirect_uri":"http://localhost:9005","state":"302910966"}
[debug] [2021-05-22T14:48:43.838Z] <<< HTTP RESPONSE 200 {"server":"GitHub.com","date":"Sat, 22 May 2021 14:48:43 GMT","content-type":"application/json; charset=utf-8","transfer-encoding":"chunked","vary":"X-PJAX, Accept-Encoding, Accept, X-Requested-With","permissions-policy":"interest-cohort=()","etag":"W/\"c93ec2bcf1c2ae507e55eed6a8084c18\"","cache-control":"max-age=0, private, must-revalidate","strict-transport-security":"max-age=31536000; includeSubdomains; preload","x-frame-options":"deny","x-content-type-options":"nosniff","x-xss-protection":"0","referrer-policy":"origin-when-cross-origin, strict-origin-when-cross-origin","expect-ct":"max-age=2592000, report-uri=\"https://api.github.com/_private/browser/errors\"","content-security-policy":"default-src 'none'; base-uri 'self'; block-all-mixed-content; connect-src 'self' uploads.github.com www.githubstatus.com collector.githubapp.com api.github.com github-cloud.s3.amazonaws.com github-production-repository-file-5c1aeb.s3.amazonaws.com github-production-upload-manifest-file-7fdce7.s3.amazonaws.com github-production-user-asset-6210df.s3.amazonaws.com cdn.optimizely.com logx.optimizely.com/v1/events wss://alive.github.com; font-src github.githubassets.com; form-action 'self' github.com gist.github.com; frame-ancestors 'none'; frame-src render.githubusercontent.com; img-src 'self' data: github.githubassets.com identicons.github.com collector.githubapp.com github-cloud.s3.amazonaws.com secured-user-images.githubusercontent.com/ *.githubusercontent.com; manifest-src 'self'; media-src 'none'; script-src github.githubassets.com; style-src 'unsafe-inline' github.githubassets.com; worker-src github.com/socket-worker-3f088aa2.js gist.github.com/socket-worker-3f088aa2.js","x-github-request-id":"AB18:29A9:C7CB5E:D8F9E9:60A919CB"}
[debug] [2021-05-22T14:48:43.843Z] >>> [apiv2][query] GET https://api.github.com/user [none]
[debug] [2021-05-22T14:48:44.408Z] <<< [apiv2][status] GET https://api.github.com/user 200
[debug] [2021-05-22T14:48:44.408Z] <<< [apiv2][body] GET https://api.github.com/user {"login":"veerreshr","id":59141533,"node_id":"MDQ6VXNlcjU5MTQxNTMz","avatar_url":"https://avatars.githubusercontent.com/u/59141533?v=4","gravatar_id":"","url":"https://api.github.com/users/veerreshr","html_url":"https://github.com/veerreshr","followers_url":"https://api.github.com/users/veerreshr/followers","following_url":"https://api.github.com/users/veerreshr/following{/other_user}","gists_url":"https://api.github.com/users/veerreshr/gists{/gist_id}","starred_url":"https://api.github.com/users/veerreshr/starred{/owner}{/repo}","subscriptions_url":"https://api.github.com/users/veerreshr/subscriptions","organizations_url":"https://api.github.com/users/veerreshr/orgs","repos_url":"https://api.github.com/users/veerreshr/repos","events_url":"https://api.github.com/users/veerreshr/events{/privacy}","received_events_url":"https://api.github.com/users/veerreshr/received_events","type":"User","site_admin":false,"name":"Veeresh","company":null,"blog":"veereshr.me","location":"Raichur, India","email":null,"hireable":null,"bio":"Software Engineering Student who loves learning and writing code.","twitter_username":"veerreshr","public_repos":35,"public_gists":1,"followers":3,"following":3,"created_at":"2019-12-22T14:19:12Z","updated_at":"2021-05-22T14:47:10Z","private_gists":0,"total_private_repos":5,"owned_private_repos":5,"disk_usage":156120,"collaborators":0,"two_factor_authentication":true,"plan":{"name":"pro","space":976562499,"collaborators":0,"private_repos":9999}}
[info] 
[info] +  Success! Logged into GitHub as veerreshr 
[info] 
[debug] [2021-05-22T14:49:08.016Z] >>> [apiv2][query] GET https://api.github.com/repos/veerreshr/simple-weight-tracker/actions/secrets/public-key type=owner
[debug] [2021-05-22T14:49:08.673Z] <<< [apiv2][status] GET https://api.github.com/repos/veerreshr/simple-weight-tracker/actions/secrets/public-key 200
[debug] [2021-05-22T14:49:08.673Z] <<< [apiv2][body] GET https://api.github.com/repos/veerreshr/simple-weight-tracker/actions/secrets/public-key {"key_id":"568250167242549743","key":"+yQZ46if+TPIiS0G3ReuDt9/VvV3ma9fMligJvgN/0k="}
[debug] [2021-05-22T14:49:08.676Z] >>> [apiv2][query] GET https://api.github.com/repos/veerreshr/simple-weight-tracker [none]
[debug] [2021-05-22T14:49:09.316Z] <<< [apiv2][status] GET https://api.github.com/repos/veerreshr/simple-weight-tracker 200
[debug] [2021-05-22T14:49:09.317Z] <<< [apiv2][body] GET https://api.github.com/repos/veerreshr/simple-weight-tracker {"id":369601118,"node_id":"MDEwOlJlcG9zaXRvcnkzNjk2MDExMTg=","name":"simple-weight-tracker","full_name":"veerreshr/simple-weight-tracker","private":false,"owner":{"login":"veerreshr","id":59141533,"node_id":"MDQ6VXNlcjU5MTQxNTMz","avatar_url":"https://avatars.githubusercontent.com/u/59141533?v=4","gravatar_id":"","url":"https://api.github.com/users/veerreshr","html_url":"https://github.com/veerreshr","followers_url":"https://api.github.com/users/veerreshr/followers","following_url":"https://api.github.com/users/veerreshr/following{/other_user}","gists_url":"https://api.github.com/users/veerreshr/gists{/gist_id}","starred_url":"https://api.github.com/users/veerreshr/starred{/owner}{/repo}","subscriptions_url":"https://api.github.com/users/veerreshr/subscriptions","organizations_url":"https://api.github.com/users/veerreshr/orgs","repos_url":"https://api.github.com/users/veerreshr/repos","events_url":"https://api.github.com/users/veerreshr/events{/privacy}","received_events_url":"https://api.github.com/users/veerreshr/received_events","type":"User","site_admin":false},"html_url":"https://github.com/veerreshr/simple-weight-tracker","description":null,"fork":false,"url":"https://api.github.com/repos/veerreshr/simple-weight-tracker","forks_url":"https://api.github.com/repos/veerreshr/simple-weight-tracker/forks","keys_url":"https://api.github.com/repos/veerreshr/simple-weight-tracker/keys{/key_id}","collaborators_url":"https://api.github.com/repos/veerreshr/simple-weight-tracker/collaborators{/collaborator}","teams_url":"https://api.github.com/repos/veerreshr/simple-weight-tracker/teams","hooks_url":"https://api.github.com/repos/veerreshr/simple-weight-tracker/hooks","issue_events_url":"https://api.github.com/repos/veerreshr/simple-weight-tracker/issues/events{/number}","events_url":"https://api.github.com/repos/veerreshr/simple-weight-tracker/events","assignees_url":"https://api.github.com/repos/veerreshr/simple-weight-tracker/assignees{/user}","branches_url":"https://api.github.com/repos/veerreshr/simple-weight-tracker/branches{/branch}","tags_url":"https://api.github.com/repos/veerreshr/simple-weight-tracker/tags","blobs_url":"https://api.github.com/repos/veerreshr/simple-weight-tracker/git/blobs{/sha}","git_tags_url":"https://api.github.com/repos/veerreshr/simple-weight-tracker/git/tags{/sha}","git_refs_url":"https://api.github.com/repos/veerreshr/simple-weight-tracker/git/refs{/sha}","trees_url":"https://api.github.com/repos/veerreshr/simple-weight-tracker/git/trees{/sha}","statuses_url":"https://api.github.com/repos/veerreshr/simple-weight-tracker/statuses/{sha}","languages_url":"https://api.github.com/repos/veerreshr/simple-weight-tracker/languages","stargazers_url":"https://api.github.com/repos/veerreshr/simple-weight-tracker/stargazers","contributors_url":"https://api.github.com/repos/veerreshr/simple-weight-tracker/contributors","subscribers_url":"https://api.github.com/repos/veerreshr/simple-weight-tracker/subscribers","subscription_url":"https://api.github.com/repos/veerreshr/simple-weight-tracker/subscription","commits_url":"https://api.github.com/repos/veerreshr/simple-weight-tracker/commits{/sha}","git_commits_url":"https://api.github.com/repos/veerreshr/simple-weight-tracker/git/commits{/sha}","comments_url":"https://api.github.com/repos/veerreshr/simple-weight-tracker/comments{/number}","issue_comment_url":"https://api.github.com/repos/veerreshr/simple-weight-tracker/issues/comments{/number}","contents_url":"https://api.github.com/repos/veerreshr/simple-weight-tracker/contents/{+path}","compare_url":"https://api.github.com/repos/veerreshr/simple-weight-tracker/compare/{base}...{head}","merges_url":"https://api.github.com/repos/veerreshr/simple-weight-tracker/merges","archive_url":"https://api.github.com/repos/veerreshr/simple-weight-tracker/{archive_format}{/ref}","downloads_url":"https://api.github.com/repos/veerreshr/simple-weight-tracker/downloads","issues_url":"https://api.github.com/repos/veerreshr/simple-weight-tracker/issues{/number}","pulls_url":"https://api.github.com/repos/veerreshr/simple-weight-tracker/pulls{/number}","milestones_url":"https://api.github.com/repos/veerreshr/simple-weight-tracker/milestones{/number}","notifications_url":"https://api.github.com/repos/veerreshr/simple-weight-tracker/notifications{?since,all,participating}","labels_url":"https://api.github.com/repos/veerreshr/simple-weight-tracker/labels{/name}","releases_url":"https://api.github.com/repos/veerreshr/simple-weight-tracker/releases{/id}","deployments_url":"https://api.github.com/repos/veerreshr/simple-weight-tracker/deployments","created_at":"2021-05-21T16:57:27Z","updated_at":"2021-05-21T16:58:16Z","pushed_at":"2021-05-21T16:58:14Z","git_url":"git://github.com/veerreshr/simple-weight-tracker.git","ssh_url":"git@github.com:veerreshr/simple-weight-tracker.git","clone_url":"https://github.com/veerreshr/simple-weight-tracker.git","svn_url":"https://github.com/veerreshr/simple-weight-tracker","homepage":null,"size":365,"stargazers_count":0,"watchers_count":0,"language":"JavaScript","has_issues":true,"has_projects":true,"has_downloads":true,"has_wiki":true,"has_pages":false,"forks_count":0,"mirror_url":null,"archived":false,"disabled":false,"open_issues_count":0,"license":null,"forks":0,"open_issues":0,"watchers":0,"default_branch":"main","permissions":{"admin":true,"push":true,"pull":true},"temp_clone_token":"","allow_squash_merge":true,"allow_merge_commit":true,"allow_rebase_merge":true,"delete_branch_on_merge":false,"network_count":0,"subscribers_count":1}
[debug] [2021-05-22T14:49:09.320Z] > refreshing access token with scopes: ["email","https://www.googleapis.com/auth/cloud-platform","https://www.googleapis.com/auth/cloudplatformprojects.readonly","https://www.googleapis.com/auth/firebase","openid"]
[debug] [2021-05-22T14:49:09.320Z] >>> HTTP REQUEST POST https://www.googleapis.com/oauth2/v3/token  
 <request body omitted>
[debug] [2021-05-22T14:49:09.626Z] <<< HTTP RESPONSE 200 {"cache-control":"no-cache, no-store, max-age=0, must-revalidate","date":"Sat, 22 May 2021 14:49:09 GMT","expires":"Mon, 01 Jan 1990 00:00:00 GMT","pragma":"no-cache","content-type":"application/json; charset=utf-8","vary":"X-Origin, Referer, Origin,Accept-Encoding","server":"scaffolding on HTTPServer2","x-xss-protection":"0","x-frame-options":"SAMEORIGIN","x-content-type-options":"nosniff","alt-svc":"h3-29=\":443\"; ma=2592000,h3-T051=\":443\"; ma=2592000,h3-Q050=\":443\"; ma=2592000,h3-Q046=\":443\"; ma=2592000,h3-Q043=\":443\"; ma=2592000,quic=\":443\"; ma=2592000; v=\"46,43\"","accept-ranges":"none","transfer-encoding":"chunked"}
[debug] [2021-05-22T14:49:09.641Z] >>> HTTP REQUEST POST https://iam.googleapis.com/v1/projects/simple-weight-tracker-10a57/serviceAccounts  
 {"accountId":"github-action-369601118","serviceAccount":{"displayName":"GitHub Actions (veerreshr/simple-weight-tracker)","description":"A service account with permission to deploy to Firebase Hosting for the GitHub repository veerreshr/simple-weight-tracker"}}
[debug] [2021-05-22T14:49:11.655Z] <<< HTTP RESPONSE 200 {"content-type":"application/json; charset=UTF-8","vary":"X-Origin, Referer, Origin,Accept-Encoding","date":"Sat, 22 May 2021 14:49:11 GMT","server":"ESF","cache-control":"private","x-xss-protection":"0","x-frame-options":"SAMEORIGIN","x-content-type-options":"nosniff","alt-svc":"h3-29=\":443\"; ma=2592000,h3-T051=\":443\"; ma=2592000,h3-Q050=\":443\"; ma=2592000,h3-Q046=\":443\"; ma=2592000,h3-Q043=\":443\"; ma=2592000,quic=\":443\"; ma=2592000; v=\"46,43\"","accept-ranges":"none","transfer-encoding":"chunked"}
[debug] [2021-05-22T14:49:11.657Z] >>> HTTP REQUEST GET https://iam.googleapis.com/v1/projects/simple-weight-tracker-10a57/serviceAccounts/github-action-369601118@simple-weight-tracker-10a57.iam.gserviceaccount.com  
 
[debug] [2021-05-22T14:49:11.657Z] >>> HTTP REQUEST POST https://cloudresourcemanager.googleapis.com/v1/projects/simple-weight-tracker-10a57:getIamPolicy  
 
[debug] [2021-05-22T14:49:12.120Z] Error: read ECONNRESET
    at TLSWrap.onStreamRead (node:internal/stream_base_commons:213:20)
[error] 
[error] Error: Server Error. read ECONNRESET
[debug] [2021-05-22T14:49:21.542Z] ----------------------------------------------------------------------
[debug] [2021-05-22T14:49:21.544Z] Command:       C:\Program Files\nodejs\node.exe C:\Users\veere\AppData\Roaming\npm\node_modules\firebase-tools\lib\bin\firebase.js init hosting:github
[debug] [2021-05-22T14:49:21.544Z] CLI Version:   9.11.0
[debug] [2021-05-22T14:49:21.544Z] Platform:      win32
[debug] [2021-05-22T14:49:21.544Z] Node Version:  v15.3.0
[debug] [2021-05-22T14:49:21.546Z] Time:          Sat May 22 2021 20:19:21 GMT+0530 (India Standard Time)
[debug] [2021-05-22T14:49:21.546Z] ----------------------------------------------------------------------
[debug] 
[debug] [2021-05-22T14:49:21.554Z] > command requires scopes: ["email","openid","https://www.googleapis.com/auth/cloudplatformprojects.readonly","https://www.googleapis.com/auth/firebase","https://www.googleapis.com/auth/cloud-platform"]
[debug] [2021-05-22T14:49:21.554Z] > authorizing via signed-in user (veerreshr@gmail.com)
[info] 
     ######## #### ########  ######## ########     ###     ######  ########
     ##        ##  ##     ## ##       ##     ##  ##   ##  ##       ##
     ######    ##  ########  ######   ########  #########  ######  ######
     ##        ##  ##    ##  ##       ##     ## ##     ##       ## ##
     ##       #### ##     ## ######## ########  ##     ##  ######  ########

You're about to initialize a Firebase project in this directory:

  D:\Projects\React\simple-weight-tracker

Before we get started, keep in mind:

  * You are initializing in an existing Firebase project directory

[info] 
=== Project Setup
[info] 
[info] First, let's associate this project directory with a Firebase project.
[info] You can create multiple project aliases by running firebase use --add, 
[info] but for now we'll just set up a default project.
[info] 
[info] i  .firebaserc already has a default project, using simple-weight-tracker-10a57. 
[debug] [2021-05-22T14:49:24.777Z] > refreshing access token with scopes: []
[debug] [2021-05-22T14:49:24.777Z] >>> HTTP REQUEST POST https://www.googleapis.com/oauth2/v3/token  
 <request body omitted>
[debug] [2021-05-22T14:49:24.999Z] Authentication Error: Your credentials are no longer valid. Please run firebase login --reauth

For CI servers and headless environments, generate a new token with firebase login:ci
[debug] [2021-05-22T14:49:25.299Z] FirebaseError: Authentication Error: Your credentials are no longer valid. Please run firebase login --reauth

For CI servers and headless environments, generate a new token with firebase login:ci
    at invalidCredentialError (C:\Users\veere\AppData\Roaming\npm\node_modules\firebase-tools\lib\auth.js:141:12)
    at refreshTokens (C:\Users\veere\AppData\Roaming\npm\node_modules\firebase-tools\lib\auth.js:448:15)
    at processTicksAndRejections (node:internal/process/task_queues:93:5)
    at async Client.getAccessToken (C:\Users\veere\AppData\Roaming\npm\node_modules\firebase-tools\lib\apiv2.js:144:23)
    at async Client.addAuthHeader (C:\Users\veere\AppData\Roaming\npm\node_modules\firebase-tools\lib\apiv2.js:135:21)
    at async Client.request (C:\Users\veere\AppData\Roaming\npm\node_modules\firebase-tools\lib\apiv2.js:93:34)
    at async Object.getFirebaseProject (C:\Users\veere\AppData\Roaming\npm\node_modules\firebase-tools\lib\management\projects.js:290:21)
    at async Object.doSetup [as project] (C:\Users\veere\AppData\Roaming\npm\node_modules\firebase-tools\lib\init\features\project.js:77:27)
    at async init (C:\Users\veere\AppData\Roaming\npm\node_modules\firebase-tools\lib\init\index.js:19:9)
[error] 
[error] Error: Failed to get Firebase project simple-weight-tracker-10a57. Please make sure the project exists and your account has permission to access it.
